<?xml version="1.0" encoding="UTF-8"?>
<!-- Generated by org.testng.reporters.JUnitReportReporter -->
<testsuite hostname="DESKTOP-H0PI4DT" failures="0" tests="1" name="virtualDeviceTest.VD_AppTest2" time="0.019" errors="0" timestamp="2023-03-27T10:29:34 IST" skipped="0">
  <testcase classname="virtualDeviceTest.VD_AppTest2" name="verifyAddFeature" time="0.019"/>
</testsuite> <!-- virtualDeviceTest.VD_AppTest2 -->
