<?xml version="1.0" encoding="UTF-8"?>
<!-- Generated by org.testng.reporters.JUnitReportReporter -->
<testsuite hostname="DESKTOP-H0PI4DT" failures="0" tests="1" name="virtualDeviceTest.VD_CalcualtorAppTest" time="7.436" errors="0" timestamp="2023-03-27T10:54:28 IST" skipped="0">
  <testcase classname="virtualDeviceTest.VD_CalcualtorAppTest" name="verifyMulFeature" time="7.436"/>
</testsuite> <!-- virtualDeviceTest.VD_CalcualtorAppTest -->
