<?xml version="1.0" encoding="UTF-8"?>
<!-- Generated by org.testng.reporters.JUnitReportReporter -->
<testsuite hostname="DESKTOP-H0PI4DT" failures="0" tests="4" name="recap.CalcualtorApp" time="30.520" errors="0" timestamp="2023-03-28T10:04:06 IST" skipped="0">
  <testcase classname="recap.CalcualtorApp" name="verifyDivTest" time="6.417"/>
  <testcase classname="recap.CalcualtorApp" name="verifyAddTest" time="7.631"/>
  <testcase classname="recap.CalcualtorApp" name="verifyMultTest" time="6.717"/>
  <testcase classname="recap.CalcualtorApp" name="verifySubTest" time="9.755"/>
</testsuite> <!-- recap.CalcualtorApp -->
